[debug] [2022-10-06T08:08:56.245Z] ----------------------------------------------------------------------
[debug] [2022-10-06T08:08:56.248Z] Command:       /usr/local/bin/node /usr/local/bin/firebase init hosting
[debug] [2022-10-06T08:08:56.248Z] CLI Version:   11.14.0
[debug] [2022-10-06T08:08:56.249Z] Platform:      darwin
[debug] [2022-10-06T08:08:56.249Z] Node Version:  v16.17.1
[debug] [2022-10-06T08:08:56.250Z] Time:          Thu Oct 06 2022 13:38:56 GMT+0530 (India Standard Time)
[debug] [2022-10-06T08:08:56.250Z] ----------------------------------------------------------------------
[debug] 
[debug] [2022-10-06T08:08:56.258Z] > command requires scopes: ["email","openid","https://www.googleapis.com/auth/cloudplatformprojects.readonly","https://www.googleapis.com/auth/firebase","https://www.googleapis.com/auth/cloud-platform"]
[debug] [2022-10-06T08:08:56.258Z] > authorizing via signed-in user (shubbhu7717@gmail.com)
[info] 
     ######## #### ########  ######## ########     ###     ######  ########
     ##        ##  ##     ## ##       ##     ##  ##   ##  ##       ##
     ######    ##  ########  ######   ########  #########  ######  ######
     ##        ##  ##    ##  ##       ##     ## ##     ##       ## ##
     ##       #### ##     ## ######## ########  ##     ##  ######  ########

You're about to initialize a Firebase project in this directory:

  /Users/personal/learn/counter

[info] 
=== Project Setup
[info] 
[info] First, let's associate this project directory with a Firebase project.
[info] You can create multiple project aliases by running firebase use --add, 
[info] but for now we'll just set up a default project.
[info] 
[debug] [2022-10-06T08:09:02.464Z] >>> [apiv2][query] GET https://firebase.googleapis.com/v1beta1/projects pageSize=100
[debug] [2022-10-06T08:09:03.689Z] <<< [apiv2][status] GET https://firebase.googleapis.com/v1beta1/projects 200
[debug] [2022-10-06T08:09:03.689Z] <<< [apiv2][body] GET https://firebase.googleapis.com/v1beta1/projects [omitted]
[info] i  Using project react-counter-fc259 (React Counter) 
[info] 
=== Hosting Setup
[info] 
[info] Your public directory is the folder (relative to your project directory) that
[info] will contain Hosting assets to be uploaded with firebase deploy. If you
[info] have a build process for your assets, use your build's output directory.
[info] 
[debug] [2022-10-06T08:11:03.399Z] >>> [apiv2][query] GET https://www.gstatic.com/firebasejs/releases.json [none]
[debug] [2022-10-06T08:11:03.504Z] <<< [apiv2][status] GET https://www.gstatic.com/firebasejs/releases.json 200
[debug] [2022-10-06T08:11:03.504Z] <<< [apiv2][body] GET https://www.gstatic.com/firebasejs/releases.json {"current":{"version":"9.10.0","browserURL":"https://www.gstatic.com/firebasejs/9.10.0/firebase.js","packageURL":"https://www.gstatic.com/firebasejs/9.10.0/firebase.tgz"},"live":{"version":"9.10","browserURL":"https://www.gstatic.com/firebasejs/live/9.10/firebase.js","packageURL":"https://www.gstatic.com/firebasejs/live/9.10/firebase.tgz"},"components":{"analytics":"https://www.gstatic.com/firebasejs/9.10.0/firebase-analytics.js","app":"https://www.gstatic.com/firebasejs/9.10.0/firebase-app.js","app-check":"https://www.gstatic.com/firebasejs/9.10.0/firebase-app-check.js","auth":"https://www.gstatic.com/firebasejs/9.10.0/firebase-auth.js","auth/cordova":"https://www.gstatic.com/firebasejs/9.10.0/firebase-auth/cordova.js","auth/react-native":"https://www.gstatic.com/firebasejs/9.10.0/firebase-auth/react-native.js","functions":"https://www.gstatic.com/firebasejs/9.10.0/firebase-functions.js","firestore":"https://www.gstatic.com/firebasejs/9.10.0/firebase-firestore.js","firestore/lite":"https://www.gstatic.com/firebasejs/9.10.0/firebase-firestore/lite.js","installations":"https://www.gstatic.com/firebasejs/9.10.0/firebase-installations.js","storage":"https://www.gstatic.com/firebasejs/9.10.0/firebase-storage.js","performance":"https://www.gstatic.com/firebasejs/9.10.0/firebase-performance.js","remote-config":"https://www.gstatic.com/firebasejs/9.10.0/firebase-remote-config.js","messaging":"https://www.gstatic.com/firebasejs/9.10.0/firebase-messaging.js","messaging/sw":"https://www.gstatic.com/firebasejs/9.10.0/firebase-messaging/sw.js","database":"https://www.gstatic.com/firebasejs/9.10.0/firebase-database.js","firestore.memory":"https://www.gstatic.com/firebasejs/9.10.0/firebase-firestore.memory.js"}}
[info] i  Skipping write of build/index.html 
[info] 
[info] i  Detected a .git folder at /Users/personal/learn/counter 
[info] i  Authorizing with GitHub to upload your service account to a GitHub repository's secrets store. 
[info] 
[info] Visit this URL on this device to log in:
[info] https://github.com/login/oauth/authorize?client_id=89cf50f02ac6aaed3484&state=897909793&redirect_uri=http%3A%2F%2Flocalhost%3A9005&scope=read%3Auser%20repo%20public_repo
[info] 
[info] Waiting for authentication...
[debug] [2022-10-06T08:11:43.904Z] >>> [apiv2][query] POST https://github.com/login/oauth/access_token [none]
[debug] [2022-10-06T08:11:43.905Z] >>> [apiv2][body] POST https://github.com/login/oauth/access_token [stream]
[debug] [2022-10-06T08:11:44.336Z] <<< [apiv2][status] POST https://github.com/login/oauth/access_token 200
[debug] [2022-10-06T08:11:44.336Z] <<< [apiv2][body] POST https://github.com/login/oauth/access_token {"access_token":"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","token_type":"bearer","scope":"read:user,repo"}
[debug] [2022-10-06T08:11:44.349Z] >>> [apiv2][query] GET https://api.github.com/user [none]
[debug] [2022-10-06T08:11:44.768Z] <<< [apiv2][status] GET https://api.github.com/user 200
[debug] [2022-10-06T08:11:44.768Z] <<< [apiv2][body] GET https://api.github.com/user {"login":"ishubs","id":41017859,"node_id":"MDQ6VXNlcjQxMDE3ODU5","avatar_url":"https://avatars.githubusercontent.com/u/41017859?v=4","gravatar_id":"","url":"https://api.github.com/users/ishubs","html_url":"https://github.com/ishubs","followers_url":"https://api.github.com/users/ishubs/followers","following_url":"https://api.github.com/users/ishubs/following{/other_user}","gists_url":"https://api.github.com/users/ishubs/gists{/gist_id}","starred_url":"https://api.github.com/users/ishubs/starred{/owner}{/repo}","subscriptions_url":"https://api.github.com/users/ishubs/subscriptions","organizations_url":"https://api.github.com/users/ishubs/orgs","repos_url":"https://api.github.com/users/ishubs/repos","events_url":"https://api.github.com/users/ishubs/events{/privacy}","received_events_url":"https://api.github.com/users/ishubs/received_events","type":"User","site_admin":false,"name":"shubham giri","company":null,"blog":"","location":null,"email":null,"hireable":null,"bio":null,"twitter_username":null,"public_repos":45,"public_gists":0,"followers":4,"following":1,"created_at":"2018-07-09T16:04:19Z","updated_at":"2022-08-20T11:31:38Z","private_gists":0,"total_private_repos":3,"owned_private_repos":3,"disk_usage":111479,"collaborators":0,"two_factor_authentication":false,"plan":{"name":"free","space":976562499,"collaborators":0,"private_repos":10000}}
[info] 
[info] ✔  Success! Logged into GitHub as ishubs 
[info] 
